1718719086731|5|statement|select * from information_schema.sequences
1718719086780|1|statement|select * from "public"."adresse" where 1=0
1718719086798|1|statement|select * from "public"."ecole" where 1=0
1718719086813|1|statement|select * from "public"."etudiant" where 1=0
1718719086819|1|statement|select * from "public"."projet" where 1=0
1718719093299|2|statement|insert into etudiant (ecole_id,nom,prenom) values (NULL,'Williams','Isabella')
1718719093308|1|statement|insert into projet (nom_projet) values ('Projet F')
1718719093322|1|statement|insert into etudiant_projet (etudiant_id,projet_id) values (361,451)
1718719093331|7|commit|
1718719093369|1|statement|insert into etudiant (ecole_id,nom,prenom) values (NULL,'Taylor','Emma')
1718719093371|1|statement|insert into projet (nom_projet) values ('Projet B')
1718719093373|1|statement|insert into etudiant_projet (etudiant_id,projet_id) values (362,452)
1718719093375|2|commit|
1718719093383|1|statement|insert into etudiant (ecole_id,nom,prenom) values (NULL,'Wilson','Isabella')
1718719093385|1|statement|insert into projet (nom_projet) values ('Projet I')
1718719093387|1|statement|insert into etudiant_projet (etudiant_id,projet_id) values (363,453)
1718719093389|2|commit|
1718719093397|1|statement|insert into etudiant (ecole_id,nom,prenom) values (NULL,'Taylor','William')
1718719093399|1|statement|insert into projet (nom_projet) values ('Projet H')
1718719093400|1|statement|insert into etudiant_projet (etudiant_id,projet_id) values (364,454)
1718719093402|1|commit|
1718719093410|1|statement|insert into etudiant (ecole_id,nom,prenom) values (NULL,'Miller','Liam')
1718719093412|1|statement|insert into projet (nom_projet) values ('Projet F')
1718719093414|1|statement|insert into etudiant_projet (etudiant_id,projet_id) values (365,455)
1718719093416|2|commit|
1718719093424|1|statement|insert into etudiant (ecole_id,nom,prenom) values (NULL,'Moore','William')
1718719093425|1|statement|insert into projet (nom_projet) values ('Projet D')
1718719093427|1|statement|insert into etudiant_projet (etudiant_id,projet_id) values (366,456)
1718719093430|2|commit|
1718719093438|1|statement|insert into etudiant (ecole_id,nom,prenom) values (NULL,'Miller','Daniel')
1718719093440|1|statement|insert into projet (nom_projet) values ('Projet H')
1718719093441|1|statement|insert into etudiant_projet (etudiant_id,projet_id) values (367,457)
1718719093444|1|commit|
1718719093452|1|statement|insert into etudiant (ecole_id,nom,prenom) values (NULL,'Moore','William')
1718719093453|1|statement|insert into projet (nom_projet) values ('Projet J')
1718719093455|1|statement|insert into etudiant_projet (etudiant_id,projet_id) values (368,458)
1718719093458|2|commit|
1718719093465|1|statement|insert into etudiant (ecole_id,nom,prenom) values (NULL,'Brown','Ava')
1718719093467|0|statement|insert into projet (nom_projet) values ('Projet C')
1718719093468|1|statement|insert into etudiant_projet (etudiant_id,projet_id) values (369,459)
1718719093471|2|commit|
1718719093478|1|statement|insert into etudiant (ecole_id,nom,prenom) values (NULL,'Wilson','Sophia')
1718719093480|1|statement|insert into projet (nom_projet) values ('Projet D')
1718719093482|1|statement|insert into etudiant_projet (etudiant_id,projet_id) values (370,460)
1718719093484|2|commit|
1718719093492|1|statement|insert into etudiant (ecole_id,nom,prenom) values (NULL,'Miller','James')
1718719093493|1|statement|insert into projet (nom_projet) values ('Projet E')
1718719093495|1|statement|insert into etudiant_projet (etudiant_id,projet_id) values (371,461)
1718719093498|2|commit|
1718719093505|1|statement|insert into etudiant (ecole_id,nom,prenom) values (NULL,'Davis','Isabella')
1718719093506|1|statement|insert into projet (nom_projet) values ('Projet H')
1718719093508|1|statement|insert into etudiant_projet (etudiant_id,projet_id) values (372,462)
1718719093511|2|commit|
1718719093518|1|statement|insert into etudiant (ecole_id,nom,prenom) values (NULL,'Taylor','Emma')
1718719093520|1|statement|insert into projet (nom_projet) values ('Projet E')
1718719093522|1|statement|insert into etudiant_projet (etudiant_id,projet_id) values (373,463)
1718719093524|1|commit|
1718719093531|1|statement|insert into etudiant (ecole_id,nom,prenom) values (NULL,'Miller','Ava')
1718719093532|1|statement|insert into projet (nom_projet) values ('Projet B')
1718719093534|1|statement|insert into etudiant_projet (etudiant_id,projet_id) values (374,464)
1718719093536|2|commit|
1718719093543|1|statement|insert into etudiant (ecole_id,nom,prenom) values (NULL,'Williams','Ava')
1718719093545|1|statement|insert into projet (nom_projet) values ('Projet B')
1718719093547|1|statement|insert into etudiant_projet (etudiant_id,projet_id) values (375,465)
1718719093550|2|commit|
1718719093559|1|statement|insert into etudiant (ecole_id,nom,prenom) values (NULL,'Brown','Emma')
1718719093561|1|statement|insert into projet (nom_projet) values ('Projet F')
1718719093563|1|statement|insert into etudiant_projet (etudiant_id,projet_id) values (376,466)
1718719093565|2|commit|
1718719093573|1|statement|insert into etudiant (ecole_id,nom,prenom) values (NULL,'Smith','Ava')
1718719093574|1|statement|insert into projet (nom_projet) values ('Projet B')
1718719093576|0|statement|insert into etudiant_projet (etudiant_id,projet_id) values (377,467)
1718719093578|2|commit|
1718719093585|1|statement|insert into etudiant (ecole_id,nom,prenom) values (NULL,'Moore','Emma')
1718719093587|1|statement|insert into projet (nom_projet) values ('Projet F')
1718719093588|1|statement|insert into etudiant_projet (etudiant_id,projet_id) values (378,468)
1718719093591|2|commit|
1718719093598|1|statement|insert into etudiant (ecole_id,nom,prenom) values (NULL,'Williams','Isabella')
1718719093600|1|statement|insert into projet (nom_projet) values ('Projet H')
1718719093602|1|statement|insert into etudiant_projet (etudiant_id,projet_id) values (379,469)
1718719093604|1|commit|
1718719093611|1|statement|insert into etudiant (ecole_id,nom,prenom) values (NULL,'Johnson','James')
1718719093614|1|statement|insert into projet (nom_projet) values ('Projet D')
1718719093615|1|statement|insert into etudiant_projet (etudiant_id,projet_id) values (380,470)
1718719093618|2|commit|
1718719093626|1|statement|insert into etudiant (ecole_id,nom,prenom) values (NULL,'Wilson','Ava')
1718719093627|1|statement|insert into projet (nom_projet) values ('Projet C')
1718719093629|1|statement|insert into etudiant_projet (etudiant_id,projet_id) values (381,471)
1718719093631|2|commit|
1718719093639|1|statement|insert into etudiant (ecole_id,nom,prenom) values (NULL,'Anderson','Sophia')
1718719093640|1|statement|insert into projet (nom_projet) values ('Projet C')
1718719093642|0|statement|insert into etudiant_projet (etudiant_id,projet_id) values (382,472)
1718719093644|1|commit|
1718719093652|1|statement|insert into etudiant (ecole_id,nom,prenom) values (NULL,'Miller','James')
1718719093654|1|statement|insert into projet (nom_projet) values ('Projet C')
1718719093656|1|statement|insert into etudiant_projet (etudiant_id,projet_id) values (383,473)
1718719093659|2|commit|
1718719093667|1|statement|insert into etudiant (ecole_id,nom,prenom) values (NULL,'Brown','Sophia')
1718719093669|1|statement|insert into projet (nom_projet) values ('Projet J')
1718719093670|1|statement|insert into etudiant_projet (etudiant_id,projet_id) values (384,474)
1718719093673|2|commit|
1718719093681|1|statement|insert into etudiant (ecole_id,nom,prenom) values (NULL,'Davis','Sophia')
1718719093682|1|statement|insert into projet (nom_projet) values ('Projet J')
1718719093684|1|statement|insert into etudiant_projet (etudiant_id,projet_id) values (385,475)
1718719093686|2|commit|
1718719093693|1|statement|insert into etudiant (ecole_id,nom,prenom) values (NULL,'Brown','Ava')
1718719093695|1|statement|insert into projet (nom_projet) values ('Projet D')
1718719093697|1|statement|insert into etudiant_projet (etudiant_id,projet_id) values (386,476)
1718719093700|2|commit|
1718719093707|1|statement|insert into etudiant (ecole_id,nom,prenom) values (NULL,'Smith','Noah')
1718719093708|1|statement|insert into projet (nom_projet) values ('Projet A')
1718719093710|1|statement|insert into etudiant_projet (etudiant_id,projet_id) values (387,477)
1718719093712|1|commit|
1718719093720|1|statement|insert into etudiant (ecole_id,nom,prenom) values (NULL,'Davis','William')
1718719093721|1|statement|insert into projet (nom_projet) values ('Projet F')
1718719093723|1|statement|insert into etudiant_projet (etudiant_id,projet_id) values (388,478)
1718719093726|2|commit|
1718719093733|1|statement|insert into etudiant (ecole_id,nom,prenom) values (NULL,'Wilson','Emma')
1718719093735|1|statement|insert into projet (nom_projet) values ('Projet B')
1718719093736|1|statement|insert into etudiant_projet (etudiant_id,projet_id) values (389,479)
1718719093739|2|commit|
1718719093746|1|statement|insert into etudiant (ecole_id,nom,prenom) values (NULL,'Brown','Ava')
1718719093748|1|statement|insert into projet (nom_projet) values ('Projet I')
1718719093749|1|statement|insert into etudiant_projet (etudiant_id,projet_id) values (390,480)
1718719093752|2|commit|
1718719093760|1|statement|insert into projet (nom_projet) values ('SYPnGNfcnw')
1718719093762|2|commit|
1718719093791|1|statement|insert into projet (nom_projet) values ('udSKVOzviD')
1718719093793|2|commit|
1718719093803|1|statement|insert into projet (nom_projet) values ('UREeoGLkVb')
1718719093806|2|commit|
1718719093815|1|statement|insert into projet (nom_projet) values ('4mBUsCv5zM')
1718719093818|2|commit|
1718719093828|1|statement|insert into projet (nom_projet) values ('edUH19Q36Y')
1718719093831|2|commit|
1718719093840|1|statement|insert into projet (nom_projet) values ('upOhwFcDKm')
1718719093843|2|commit|
1718719093852|1|statement|insert into projet (nom_projet) values ('ft3ZksHu4G')
1718719093855|2|commit|
1718719093865|1|statement|insert into projet (nom_projet) values ('bzzquY9cO4')
1718719093868|2|commit|
1718719093878|1|statement|insert into projet (nom_projet) values ('OSW8NXlRTt')
1718719093881|2|commit|
1718719093891|1|statement|insert into projet (nom_projet) values ('BrJttVggOW')
1718719093894|2|commit|
1718719093903|1|statement|insert into projet (nom_projet) values ('70blxios6W')
1718719093907|2|commit|
1718719093917|1|statement|insert into projet (nom_projet) values ('dbqAHqkPGZ')
1718719093920|2|commit|
1718719093930|1|statement|insert into projet (nom_projet) values ('koHFp5Xw86')
1718719093933|2|commit|
1718719093942|1|statement|insert into projet (nom_projet) values ('3b1lnz6Qph')
1718719093945|2|commit|
1718719093955|1|statement|insert into projet (nom_projet) values ('nFwy57E96X')
1718719093958|2|commit|
1718719093967|1|statement|insert into projet (nom_projet) values ('6lJF0lExFB')
1718719093970|2|commit|
1718719093980|1|statement|insert into projet (nom_projet) values ('Ey9kmO32kY')
1718719093984|2|commit|
1718719093993|1|statement|insert into projet (nom_projet) values ('wqAWBHal7c')
1718719093997|2|commit|
1718719094007|1|statement|insert into projet (nom_projet) values ('20JG44dYGN')
1718719094010|2|commit|
1718719094020|1|statement|insert into projet (nom_projet) values ('D95YrWDJfp')
1718719094024|2|commit|
1718719094035|1|statement|insert into projet (nom_projet) values ('FugVNSpS9V')
1718719094037|2|commit|
1718719094049|1|statement|insert into projet (nom_projet) values ('TSlsyHtVWl')
1718719094052|2|commit|
1718719094062|1|statement|insert into projet (nom_projet) values ('63dmEI1lb8')
1718719094066|2|commit|
1718719094076|1|statement|insert into projet (nom_projet) values ('NhS3A5rXjs')
1718719094079|2|commit|
1718719094090|1|statement|insert into projet (nom_projet) values ('kJPwF2kiDW')
1718719094093|2|commit|
1718719094105|1|statement|insert into projet (nom_projet) values ('o6JyOMXdRN')
1718719094108|2|commit|
1718719094119|1|statement|insert into projet (nom_projet) values ('JTFhJqExAd')
1718719094122|2|commit|
1718719094133|1|statement|insert into projet (nom_projet) values ('f51NWESPks')
1718719094136|2|commit|
1718719094148|1|statement|insert into projet (nom_projet) values ('UNiTVP1DgE')
1718719094151|2|commit|
1718719094163|1|statement|insert into projet (nom_projet) values ('niGYmZwkJp')
1718719094165|2|commit|
1718719094180|2|statement|insert into adresse (code_postal,complement_adresse,ville) values (18041,'2oXW0pZ68w','Montpellier')
1718719094183|1|statement|insert into ecole (adresse_id,domaine_ecole,nom_ecole) values (91,'Mécanique','École H')
1718719094186|1|statement|insert into etudiant (ecole_id,nom,prenom) values (91,'Miller','Noah')
1718719094187|1|statement|insert into projet (nom_projet) values ('Projet G')
1718719094189|1|statement|insert into etudiant (ecole_id,nom,prenom) values (91,'Anderson','Isabella')
1718719094192|1|statement|insert into projet (nom_projet) values ('Projet A')
1718719094194|1|statement|insert into etudiant (ecole_id,nom,prenom) values (91,'Brown','William')
1718719094197|1|statement|insert into projet (nom_projet) values ('Projet A')
1718719094201|1|statement|insert into etudiant_projet (etudiant_id,projet_id) values (391,511)
1718719094203|1|statement|insert into etudiant_projet (etudiant_id,projet_id) values (392,512)
1718719094204|1|statement|insert into etudiant_projet (etudiant_id,projet_id) values (393,513)
1718719094207|2|commit|
1718719094218|1|statement|insert into adresse (code_postal,complement_adresse,ville) values (13000,'pRu1UsqBAV','Nice')
1718719094220|1|statement|insert into ecole (adresse_id,domaine_ecole,nom_ecole) values (92,'Génie Civil','École E')
1718719094222|1|statement|insert into etudiant (ecole_id,nom,prenom) values (92,'Anderson','Isabella')
1718719094224|1|statement|insert into projet (nom_projet) values ('Projet D')
1718719094226|1|statement|insert into etudiant (ecole_id,nom,prenom) values (92,'Wilson','Daniel')
1718719094228|1|statement|insert into projet (nom_projet) values ('Projet C')
1718719094230|1|statement|insert into etudiant (ecole_id,nom,prenom) values (92,'Miller','William')
1718719094232|1|statement|insert into projet (nom_projet) values ('Projet J')
1718719094234|1|statement|insert into etudiant_projet (etudiant_id,projet_id) values (394,514)
1718719094236|1|statement|insert into etudiant_projet (etudiant_id,projet_id) values (395,515)
1718719094238|1|statement|insert into etudiant_projet (etudiant_id,projet_id) values (396,516)
1718719094240|2|commit|
1718719094250|1|statement|insert into adresse (code_postal,complement_adresse,ville) values (44000,'kyBpHtNis3','Marseille')
1718719094252|1|statement|insert into ecole (adresse_id,domaine_ecole,nom_ecole) values (93,'Droit','École A')
1718719094254|1|statement|insert into etudiant (ecole_id,nom,prenom) values (93,'Anderson','Sophia')
1718719094255|1|statement|insert into projet (nom_projet) values ('Projet E')
1718719094258|1|statement|insert into etudiant (ecole_id,nom,prenom) values (93,'Taylor','James')
1718719094259|1|statement|insert into projet (nom_projet) values ('Projet J')
1718719094261|1|statement|insert into etudiant (ecole_id,nom,prenom) values (93,'Brown','Emma')
1718719094263|1|statement|insert into projet (nom_projet) values ('Projet E')
1718719094265|1|statement|insert into etudiant_projet (etudiant_id,projet_id) values (397,517)
1718719094267|1|statement|insert into etudiant_projet (etudiant_id,projet_id) values (398,518)
1718719094268|1|statement|insert into etudiant_projet (etudiant_id,projet_id) values (399,519)
1718719094270|2|commit|
1718719094281|1|statement|insert into adresse (code_postal,complement_adresse,ville) values (67000,'tlRLHwdwms','Lille')
1718719094283|1|statement|insert into ecole (adresse_id,domaine_ecole,nom_ecole) values (94,'Droit','École I')
1718719094285|1|statement|insert into etudiant (ecole_id,nom,prenom) values (94,'Brown','Daniel')
1718719094286|1|statement|insert into projet (nom_projet) values ('Projet F')
1718719094288|1|statement|insert into etudiant (ecole_id,nom,prenom) values (94,'Moore','Isabella')
1718719094290|1|statement|insert into projet (nom_projet) values ('Projet J')
1718719094292|1|statement|insert into etudiant (ecole_id,nom,prenom) values (94,'Williams','Olivia')
1718719094293|1|statement|insert into projet (nom_projet) values ('Projet I')
1718719094296|1|statement|insert into etudiant_projet (etudiant_id,projet_id) values (400,520)
1718719094297|0|statement|insert into etudiant_projet (etudiant_id,projet_id) values (401,521)
1718719094298|1|statement|insert into etudiant_projet (etudiant_id,projet_id) values (402,522)
1718719094301|2|commit|
1718719094311|1|statement|insert into adresse (code_postal,complement_adresse,ville) values (13000,'Y2NSrqwxIN','Lyon')
1718719094314|1|statement|insert into ecole (adresse_id,domaine_ecole,nom_ecole) values (95,'Génie Civil','École A')
1718719094315|1|statement|insert into etudiant (ecole_id,nom,prenom) values (95,'Brown','Liam')
1718719094317|1|statement|insert into projet (nom_projet) values ('Projet G')
1718719094318|1|statement|insert into etudiant (ecole_id,nom,prenom) values (95,'Anderson','Olivia')
1718719094321|1|statement|insert into projet (nom_projet) values ('Projet G')
1718719094322|1|statement|insert into etudiant (ecole_id,nom,prenom) values (95,'Smith','Isabella')
1718719094324|1|statement|insert into projet (nom_projet) values ('Projet E')
1718719094326|1|statement|insert into etudiant_projet (etudiant_id,projet_id) values (403,523)
1718719094328|1|statement|insert into etudiant_projet (etudiant_id,projet_id) values (404,524)
1718719094329|1|statement|insert into etudiant_projet (etudiant_id,projet_id) values (405,525)
1718719094332|2|commit|
1718719094343|1|statement|insert into adresse (code_postal,complement_adresse,ville) values (33000,'V8cWGXI0vk','Paris')
1718719094345|1|statement|insert into ecole (adresse_id,domaine_ecole,nom_ecole) values (96,'Génie Civil','École A')
1718719094347|1|statement|insert into etudiant (ecole_id,nom,prenom) values (96,'Anderson','Sophia')
1718719094350|1|statement|insert into projet (nom_projet) values ('Projet J')
1718719094351|1|statement|insert into etudiant (ecole_id,nom,prenom) values (96,'Davis','Noah')
1718719094353|1|statement|insert into projet (nom_projet) values ('Projet C')
1718719094354|1|statement|insert into etudiant (ecole_id,nom,prenom) values (96,'Williams','Daniel')
1718719094357|1|statement|insert into projet (nom_projet) values ('Projet D')
1718719094359|1|statement|insert into etudiant_projet (etudiant_id,projet_id) values (406,526)
1718719094360|1|statement|insert into etudiant_projet (etudiant_id,projet_id) values (407,527)
1718719094361|0|statement|insert into etudiant_projet (etudiant_id,projet_id) values (408,528)
1718719094363|2|commit|
1718719094374|1|statement|insert into adresse (code_postal,complement_adresse,ville) values (13000,'xtMy2pzT3X','Toulouse')
1718719094376|1|statement|insert into ecole (adresse_id,domaine_ecole,nom_ecole) values (97,'Électronique','École J')
1718719094378|1|statement|insert into etudiant (ecole_id,nom,prenom) values (97,'Anderson','Liam')
1718719094379|1|statement|insert into projet (nom_projet) values ('Projet B')
1718719094381|1|statement|insert into etudiant (ecole_id,nom,prenom) values (97,'Johnson','Liam')
1718719094383|1|statement|insert into projet (nom_projet) values ('Projet F')
1718719094385|1|statement|insert into etudiant (ecole_id,nom,prenom) values (97,'Brown','Daniel')
1718719094386|1|statement|insert into projet (nom_projet) values ('Projet J')
1718719094388|1|statement|insert into etudiant_projet (etudiant_id,projet_id) values (409,529)
1718719094389|1|statement|insert into etudiant_projet (etudiant_id,projet_id) values (410,530)
1718719094390|0|statement|insert into etudiant_projet (etudiant_id,projet_id) values (411,531)
1718719094392|1|commit|
1718719094401|1|statement|insert into adresse (code_postal,complement_adresse,ville) values (18041,'m00PbHdQv4','Lyon')
1718719094403|1|statement|insert into ecole (adresse_id,domaine_ecole,nom_ecole) values (98,'Lettres','École G')
1718719094404|1|statement|insert into etudiant (ecole_id,nom,prenom) values (98,'Wilson','Emma')
1718719094406|1|statement|insert into projet (nom_projet) values ('Projet E')
1718719094408|1|statement|insert into etudiant (ecole_id,nom,prenom) values (98,'Taylor','James')
1718719094409|0|statement|insert into projet (nom_projet) values ('Projet C')
1718719094410|0|statement|insert into etudiant (ecole_id,nom,prenom) values (98,'Johnson','Sophia')
1718719094411|0|statement|insert into projet (nom_projet) values ('Projet H')
1718719094413|1|statement|insert into etudiant_projet (etudiant_id,projet_id) values (412,532)
1718719094415|1|statement|insert into etudiant_projet (etudiant_id,projet_id) values (413,533)
1718719094416|0|statement|insert into etudiant_projet (etudiant_id,projet_id) values (414,534)
1718719094418|2|commit|
1718719094427|1|statement|insert into adresse (code_postal,complement_adresse,ville) values (75000,'vr4ZfujolM','Bordeaux')
1718719094429|1|statement|insert into ecole (adresse_id,domaine_ecole,nom_ecole) values (99,'Génie Civil','École F')
1718719094431|1|statement|insert into etudiant (ecole_id,nom,prenom) values (99,'Moore','William')
1718719094432|1|statement|insert into projet (nom_projet) values ('Projet F')
1718719094434|1|statement|insert into etudiant (ecole_id,nom,prenom) values (99,'Johnson','Ava')
1718719094435|0|statement|insert into projet (nom_projet) values ('Projet D')
1718719094437|0|statement|insert into etudiant (ecole_id,nom,prenom) values (99,'Brown','Isabella')
1718719094438|0|statement|insert into projet (nom_projet) values ('Projet I')
1718719094440|1|statement|insert into etudiant_projet (etudiant_id,projet_id) values (415,535)
1718719094441|1|statement|insert into etudiant_projet (etudiant_id,projet_id) values (416,536)
1718719094442|0|statement|insert into etudiant_projet (etudiant_id,projet_id) values (417,537)
1718719094444|1|commit|
1718719094455|1|statement|insert into adresse (code_postal,complement_adresse,ville) values (69000,'hrFjmypvGo','Nice')
1718719094456|1|statement|insert into ecole (adresse_id,domaine_ecole,nom_ecole) values (100,'Économie','École C')
1718719094458|1|statement|insert into etudiant (ecole_id,nom,prenom) values (100,'Brown','Noah')
1718719094459|1|statement|insert into projet (nom_projet) values ('Projet D')
1718719094461|1|statement|insert into etudiant (ecole_id,nom,prenom) values (100,'Anderson','Ava')
1718719094462|0|statement|insert into projet (nom_projet) values ('Projet F')
1718719094463|0|statement|insert into etudiant (ecole_id,nom,prenom) values (100,'Williams','Noah')
1718719094465|1|statement|insert into projet (nom_projet) values ('Projet D')
1718719094467|1|statement|insert into etudiant_projet (etudiant_id,projet_id) values (418,538)
1718719094469|1|statement|insert into etudiant_projet (etudiant_id,projet_id) values (419,539)
1718719094470|1|statement|insert into etudiant_projet (etudiant_id,projet_id) values (420,540)
1718719094472|2|commit|
1718719094482|1|statement|insert into adresse (code_postal,complement_adresse,ville) values (33000,'wbua7uQn7S','Strasbourg')
1718719094484|1|statement|insert into ecole (adresse_id,domaine_ecole,nom_ecole) values (101,'Mécanique','École H')
1718719094486|1|statement|insert into etudiant (ecole_id,nom,prenom) values (101,'Brown','Olivia')
1718719094488|1|statement|insert into projet (nom_projet) values ('Projet B')
1718719094491|1|statement|insert into etudiant (ecole_id,nom,prenom) values (101,'Miller','Ava')
1718719094492|1|statement|insert into projet (nom_projet) values ('Projet J')
1718719094493|0|statement|insert into etudiant (ecole_id,nom,prenom) values (101,'Davis','Isabella')
1718719094495|1|statement|insert into projet (nom_projet) values ('Projet F')
1718719094497|1|statement|insert into etudiant_projet (etudiant_id,projet_id) values (421,541)
1718719094499|1|statement|insert into etudiant_projet (etudiant_id,projet_id) values (422,542)
1718719094500|0|statement|insert into etudiant_projet (etudiant_id,projet_id) values (423,543)
1718719094501|1|commit|
1718719094511|1|statement|insert into adresse (code_postal,complement_adresse,ville) values (33000,'xf7Dlt6o8b','Lille')
1718719094513|1|statement|insert into ecole (adresse_id,domaine_ecole,nom_ecole) values (102,'Biologie','École F')
1718719094514|1|statement|insert into etudiant (ecole_id,nom,prenom) values (102,'Smith','Olivia')
1718719094515|0|statement|insert into projet (nom_projet) values ('Projet E')
1718719094517|0|statement|insert into etudiant (ecole_id,nom,prenom) values (102,'Anderson','Liam')
1718719094517|0|statement|insert into projet (nom_projet) values ('Projet E')
1718719094519|0|statement|insert into etudiant (ecole_id,nom,prenom) values (102,'Brown','Daniel')
1718719094520|0|statement|insert into projet (nom_projet) values ('Projet J')
1718719094521|0|statement|insert into etudiant_projet (etudiant_id,projet_id) values (424,544)
1718719094523|0|statement|insert into etudiant_projet (etudiant_id,projet_id) values (425,545)
1718719094524|0|statement|insert into etudiant_projet (etudiant_id,projet_id) values (426,546)
1718719094526|1|commit|
1718719094535|1|statement|insert into adresse (code_postal,complement_adresse,ville) values (67000,'YlrPjRsAXN','Nice')
1718719094537|1|statement|insert into ecole (adresse_id,domaine_ecole,nom_ecole) values (103,'Génie Civil','École D')
1718719094538|0|statement|insert into etudiant (ecole_id,nom,prenom) values (103,'Johnson','Emma')
1718719094540|1|statement|insert into projet (nom_projet) values ('Projet B')
1718719094541|1|statement|insert into etudiant (ecole_id,nom,prenom) values (103,'Williams','Olivia')
1718719094542|0|statement|insert into projet (nom_projet) values ('Projet C')
1718719094543|0|statement|insert into etudiant (ecole_id,nom,prenom) values (103,'Williams','William')
1718719094544|0|statement|insert into projet (nom_projet) values ('Projet A')
1718719094546|0|statement|insert into etudiant_projet (etudiant_id,projet_id) values (427,547)
1718719094547|0|statement|insert into etudiant_projet (etudiant_id,projet_id) values (428,548)
1718719094549|0|statement|insert into etudiant_projet (etudiant_id,projet_id) values (429,549)
1718719094550|1|commit|
1718719094560|1|statement|insert into adresse (code_postal,complement_adresse,ville) values (69000,'54Y8oQrAz4','Paris')
1718719094561|1|statement|insert into ecole (adresse_id,domaine_ecole,nom_ecole) values (104,'Arts','École E')
1718719094563|1|statement|insert into etudiant (ecole_id,nom,prenom) values (104,'Smith','James')
1718719094564|0|statement|insert into projet (nom_projet) values ('Projet J')
1718719094565|1|statement|insert into etudiant (ecole_id,nom,prenom) values (104,'Miller','Daniel')
1718719094567|0|statement|insert into projet (nom_projet) values ('Projet F')
1718719094568|1|statement|insert into etudiant (ecole_id,nom,prenom) values (104,'Williams','Emma')
1718719094569|0|statement|insert into projet (nom_projet) values ('Projet H')
1718719094571|0|statement|insert into etudiant_projet (etudiant_id,projet_id) values (430,550)
1718719094572|0|statement|insert into etudiant_projet (etudiant_id,projet_id) values (431,551)
1718719094573|0|statement|insert into etudiant_projet (etudiant_id,projet_id) values (432,552)
1718719094575|1|commit|
1718719094584|1|statement|insert into adresse (code_postal,complement_adresse,ville) values (18041,'pJZqZeJsRh','Lyon')
1718719094586|1|statement|insert into ecole (adresse_id,domaine_ecole,nom_ecole) values (105,'Arts','École H')
1718719094587|1|statement|insert into etudiant (ecole_id,nom,prenom) values (105,'Smith','Ava')
1718719094588|0|statement|insert into projet (nom_projet) values ('Projet A')
1718719094590|1|statement|insert into etudiant (ecole_id,nom,prenom) values (105,'Anderson','Ava')
1718719094591|0|statement|insert into projet (nom_projet) values ('Projet E')
1718719094592|0|statement|insert into etudiant (ecole_id,nom,prenom) values (105,'Williams','Liam')
1718719094593|0|statement|insert into projet (nom_projet) values ('Projet J')
1718719094594|0|statement|insert into etudiant_projet (etudiant_id,projet_id) values (433,553)
1718719094596|0|statement|insert into etudiant_projet (etudiant_id,projet_id) values (434,554)
1718719094597|0|statement|insert into etudiant_projet (etudiant_id,projet_id) values (435,555)
1718719094599|2|commit|
1718719094611|1|statement|insert into adresse (code_postal,complement_adresse,ville) values (44000,'XKBa30kK4J','Lyon')
1718719094613|1|statement|insert into ecole (adresse_id,domaine_ecole,nom_ecole) values (106,'Génie Civil','École G')
1718719094615|1|statement|insert into etudiant (ecole_id,nom,prenom) values (106,'Williams','William')
1718719094616|0|statement|insert into projet (nom_projet) values ('Projet E')
1718719094617|0|statement|insert into etudiant (ecole_id,nom,prenom) values (106,'Wilson','Noah')
1718719094618|0|statement|insert into projet (nom_projet) values ('Projet H')
1718719094619|0|statement|insert into etudiant (ecole_id,nom,prenom) values (106,'Taylor','Sophia')
1718719094620|0|statement|insert into projet (nom_projet) values ('Projet I')
1718719094621|0|statement|insert into etudiant_projet (etudiant_id,projet_id) values (436,556)
1718719094622|1|statement|insert into etudiant_projet (etudiant_id,projet_id) values (437,557)
1718719094624|1|statement|insert into etudiant_projet (etudiant_id,projet_id) values (438,558)
1718719094626|1|commit|
1718719094636|1|statement|insert into adresse (code_postal,complement_adresse,ville) values (31000,'zgO1F7YGqN','Strasbourg')
1718719094638|1|statement|insert into ecole (adresse_id,domaine_ecole,nom_ecole) values (107,'Économie','École I')
1718719094640|1|statement|insert into etudiant (ecole_id,nom,prenom) values (107,'Miller','Olivia')
1718719094642|1|statement|insert into projet (nom_projet) values ('Projet F')
1718719094643|1|statement|insert into etudiant (ecole_id,nom,prenom) values (107,'Anderson','James')
1718719094645|1|statement|insert into projet (nom_projet) values ('Projet C')
1718719094646|1|statement|insert into etudiant (ecole_id,nom,prenom) values (107,'Brown','Isabella')
1718719094648|1|statement|insert into projet (nom_projet) values ('Projet G')
1718719094650|1|statement|insert into etudiant_projet (etudiant_id,projet_id) values (439,559)
1718719094652|1|statement|insert into etudiant_projet (etudiant_id,projet_id) values (440,560)
1718719094653|1|statement|insert into etudiant_projet (etudiant_id,projet_id) values (441,561)
1718719094656|2|commit|
1718719094668|1|statement|insert into adresse (code_postal,complement_adresse,ville) values (75000,'FAw9dw5K8T','Toulouse')
1718719094670|1|statement|insert into ecole (adresse_id,domaine_ecole,nom_ecole) values (108,'Génie Civil','École I')
1718719094672|1|statement|insert into etudiant (ecole_id,nom,prenom) values (108,'Wilson','Emma')
1718719094674|1|statement|insert into projet (nom_projet) values ('Projet C')
1718719094676|1|statement|insert into etudiant (ecole_id,nom,prenom) values (108,'Brown','Olivia')
1718719094678|1|statement|insert into projet (nom_projet) values ('Projet H')
1718719094680|1|statement|insert into etudiant (ecole_id,nom,prenom) values (108,'Wilson','William')
1718719094681|1|statement|insert into projet (nom_projet) values ('Projet G')
1718719094683|1|statement|insert into etudiant_projet (etudiant_id,projet_id) values (442,562)
1718719094684|0|statement|insert into etudiant_projet (etudiant_id,projet_id) values (443,563)
1718719094685|0|statement|insert into etudiant_projet (etudiant_id,projet_id) values (444,564)
1718719094687|1|commit|
1718719094697|1|statement|insert into adresse (code_postal,complement_adresse,ville) values (59000,'I6PTVDL4ta','Strasbourg')
1718719094699|1|statement|insert into ecole (adresse_id,domaine_ecole,nom_ecole) values (109,'Économie','École G')
1718719094700|1|statement|insert into etudiant (ecole_id,nom,prenom) values (109,'Smith','Isabella')
1718719094701|0|statement|insert into projet (nom_projet) values ('Projet J')
1718719094702|0|statement|insert into etudiant (ecole_id,nom,prenom) values (109,'Moore','Sophia')
1718719094704|0|statement|insert into projet (nom_projet) values ('Projet C')
1718719094705|0|statement|insert into etudiant (ecole_id,nom,prenom) values (109,'Anderson','Noah')
1718719094706|0|statement|insert into projet (nom_projet) values ('Projet J')
1718719094708|0|statement|insert into etudiant_projet (etudiant_id,projet_id) values (445,565)
1718719094709|0|statement|insert into etudiant_projet (etudiant_id,projet_id) values (446,566)
1718719094710|0|statement|insert into etudiant_projet (etudiant_id,projet_id) values (447,567)
1718719094712|1|commit|
1718719094721|1|statement|insert into adresse (code_postal,complement_adresse,ville) values (69000,'Oj53BuZ7Br','Montpellier')
1718719094722|1|statement|insert into ecole (adresse_id,domaine_ecole,nom_ecole) values (110,'Électronique','École G')
1718719094724|1|statement|insert into etudiant (ecole_id,nom,prenom) values (110,'Miller','James')
1718719094725|0|statement|insert into projet (nom_projet) values ('Projet G')
1718719094727|0|statement|insert into etudiant (ecole_id,nom,prenom) values (110,'Brown','Emma')
1718719094728|0|statement|insert into projet (nom_projet) values ('Projet G')
1718719094729|0|statement|insert into etudiant (ecole_id,nom,prenom) values (110,'Taylor','Daniel')
1718719094730|0|statement|insert into projet (nom_projet) values ('Projet A')
1718719094732|1|statement|insert into etudiant_projet (etudiant_id,projet_id) values (448,568)
1718719094733|1|statement|insert into etudiant_projet (etudiant_id,projet_id) values (449,569)
1718719094734|0|statement|insert into etudiant_projet (etudiant_id,projet_id) values (450,570)
1718719094736|1|commit|
1718719094746|1|statement|insert into adresse (code_postal,complement_adresse,ville) values (44000,'aMyS0rvJgQ','Bordeaux')
1718719094748|1|statement|insert into ecole (adresse_id,domaine_ecole,nom_ecole) values (111,'Génie Civil','École I')
1718719094750|1|statement|insert into etudiant (ecole_id,nom,prenom) values (111,'Miller','Sophia')
1718719094752|1|statement|insert into projet (nom_projet) values ('Projet G')
1718719094753|1|statement|insert into etudiant (ecole_id,nom,prenom) values (111,'Taylor','Isabella')
1718719094755|1|statement|insert into projet (nom_projet) values ('Projet A')
1718719094757|1|statement|insert into etudiant (ecole_id,nom,prenom) values (111,'Johnson','Isabella')
1718719094759|1|statement|insert into projet (nom_projet) values ('Projet J')
1718719094762|1|statement|insert into etudiant_projet (etudiant_id,projet_id) values (451,571)
1718719094763|1|statement|insert into etudiant_projet (etudiant_id,projet_id) values (452,572)
1718719094764|1|statement|insert into etudiant_projet (etudiant_id,projet_id) values (453,573)
1718719094767|2|commit|
1718719094777|1|statement|insert into adresse (code_postal,complement_adresse,ville) values (18041,'ojslB2MbyJ','Marseille')
1718719094779|1|statement|insert into ecole (adresse_id,domaine_ecole,nom_ecole) values (112,'Biologie','École J')
1718719094780|1|statement|insert into etudiant (ecole_id,nom,prenom) values (112,'Williams','Ava')
1718719094782|1|statement|insert into projet (nom_projet) values ('Projet E')
1718719094783|1|statement|insert into etudiant (ecole_id,nom,prenom) values (112,'Miller','Noah')
1718719094785|1|statement|insert into projet (nom_projet) values ('Projet J')
1718719094786|1|statement|insert into etudiant (ecole_id,nom,prenom) values (112,'Moore','Noah')
1718719094787|0|statement|insert into projet (nom_projet) values ('Projet I')
1718719094789|1|statement|insert into etudiant_projet (etudiant_id,projet_id) values (454,574)
1718719094791|1|statement|insert into etudiant_projet (etudiant_id,projet_id) values (455,575)
1718719094792|1|statement|insert into etudiant_projet (etudiant_id,projet_id) values (456,576)
1718719094794|2|commit|
1718719094805|1|statement|insert into adresse (code_postal,complement_adresse,ville) values (18041,'NpGvYKt9SP','Nice')
1718719094806|1|statement|insert into ecole (adresse_id,domaine_ecole,nom_ecole) values (113,'Biologie','École B')
1718719094808|1|statement|insert into etudiant (ecole_id,nom,prenom) values (113,'Anderson','Sophia')
1718719094809|0|statement|insert into projet (nom_projet) values ('Projet I')
1718719094810|0|statement|insert into etudiant (ecole_id,nom,prenom) values (113,'Brown','James')
1718719094811|0|statement|insert into projet (nom_projet) values ('Projet B')
1718719094812|0|statement|insert into etudiant (ecole_id,nom,prenom) values (113,'Wilson','William')
1718719094813|0|statement|insert into projet (nom_projet) values ('Projet H')
1718719094815|0|statement|insert into etudiant_projet (etudiant_id,projet_id) values (457,577)
1718719094816|0|statement|insert into etudiant_projet (etudiant_id,projet_id) values (458,578)
1718719094817|0|statement|insert into etudiant_projet (etudiant_id,projet_id) values (459,579)
1718719094819|1|commit|
1718719094829|1|statement|insert into adresse (code_postal,complement_adresse,ville) values (67000,'XDfx2EIgSu','Marseille')
1718719094831|1|statement|insert into ecole (adresse_id,domaine_ecole,nom_ecole) values (114,'Génie Civil','École H')
1718719094833|1|statement|insert into etudiant (ecole_id,nom,prenom) values (114,'Taylor','Noah')
1718719094834|1|statement|insert into projet (nom_projet) values ('Projet F')
1718719094836|1|statement|insert into etudiant (ecole_id,nom,prenom) values (114,'Johnson','Daniel')
1718719094837|0|statement|insert into projet (nom_projet) values ('Projet B')
1718719094838|1|statement|insert into etudiant (ecole_id,nom,prenom) values (114,'Miller','Sophia')
1718719094840|0|statement|insert into projet (nom_projet) values ('Projet H')
1718719094841|1|statement|insert into etudiant_projet (etudiant_id,projet_id) values (460,580)
1718719094843|1|statement|insert into etudiant_projet (etudiant_id,projet_id) values (461,581)
1718719094844|1|statement|insert into etudiant_projet (etudiant_id,projet_id) values (462,582)
1718719094847|2|commit|
1718719094858|1|statement|insert into adresse (code_postal,complement_adresse,ville) values (69000,'3l61CM7a2q','Marseille')
1718719094860|1|statement|insert into ecole (adresse_id,domaine_ecole,nom_ecole) values (115,'Mécanique','École A')
1718719094862|1|statement|insert into etudiant (ecole_id,nom,prenom) values (115,'Davis','Ava')
1718719094864|1|statement|insert into projet (nom_projet) values ('Projet E')
1718719094866|1|statement|insert into etudiant (ecole_id,nom,prenom) values (115,'Miller','James')
1718719094868|1|statement|insert into projet (nom_projet) values ('Projet H')
1718719094869|1|statement|insert into etudiant (ecole_id,nom,prenom) values (115,'Anderson','Liam')
1718719094871|1|statement|insert into projet (nom_projet) values ('Projet B')
1718719094873|1|statement|insert into etudiant_projet (etudiant_id,projet_id) values (463,583)
1718719094875|1|statement|insert into etudiant_projet (etudiant_id,projet_id) values (464,584)
1718719094876|1|statement|insert into etudiant_projet (etudiant_id,projet_id) values (465,585)
1718719094878|2|commit|
1718719094890|1|statement|insert into adresse (code_postal,complement_adresse,ville) values (59000,'PBPnjrdhal','Nice')
1718719094892|1|statement|insert into ecole (adresse_id,domaine_ecole,nom_ecole) values (116,'Chimie','École F')
1718719094894|1|statement|insert into etudiant (ecole_id,nom,prenom) values (116,'Anderson','Noah')
1718719094895|1|statement|insert into projet (nom_projet) values ('Projet C')
1718719094897|1|statement|insert into etudiant (ecole_id,nom,prenom) values (116,'Wilson','Emma')
1718719094898|1|statement|insert into projet (nom_projet) values ('Projet C')
1718719094900|1|statement|insert into etudiant (ecole_id,nom,prenom) values (116,'Smith','Liam')
1718719094902|1|statement|insert into projet (nom_projet) values ('Projet H')
1718719094903|1|statement|insert into etudiant_projet (etudiant_id,projet_id) values (466,586)
1718719094905|1|statement|insert into etudiant_projet (etudiant_id,projet_id) values (467,587)
1718719094906|1|statement|insert into etudiant_projet (etudiant_id,projet_id) values (468,588)
1718719094909|2|commit|
1718719094918|1|statement|insert into adresse (code_postal,complement_adresse,ville) values (69000,'M8xt7Vau2g','Montpellier')
1718719094919|1|statement|insert into ecole (adresse_id,domaine_ecole,nom_ecole) values (117,'Mécanique','École D')
1718719094921|1|statement|insert into etudiant (ecole_id,nom,prenom) values (117,'Johnson','Isabella')
1718719094923|0|statement|insert into projet (nom_projet) values ('Projet J')
1718719094924|1|statement|insert into etudiant (ecole_id,nom,prenom) values (117,'Smith','Ava')
1718719094925|0|statement|insert into projet (nom_projet) values ('Projet F')
1718719094926|0|statement|insert into etudiant (ecole_id,nom,prenom) values (117,'Moore','Emma')
1718719094927|0|statement|insert into projet (nom_projet) values ('Projet F')
1718719094929|0|statement|insert into etudiant_projet (etudiant_id,projet_id) values (469,589)
1718719094930|0|statement|insert into etudiant_projet (etudiant_id,projet_id) values (470,590)
1718719094930|0|statement|insert into etudiant_projet (etudiant_id,projet_id) values (471,591)
1718719094932|1|commit|
1718719094943|1|statement|insert into adresse (code_postal,complement_adresse,ville) values (75000,'pPdwNli4wQ','Bordeaux')
1718719094944|1|statement|insert into ecole (adresse_id,domaine_ecole,nom_ecole) values (118,'Mécanique','École E')
1718719094946|1|statement|insert into etudiant (ecole_id,nom,prenom) values (118,'Brown','Sophia')
1718719094947|1|statement|insert into projet (nom_projet) values ('Projet A')
1718719094949|1|statement|insert into etudiant (ecole_id,nom,prenom) values (118,'Brown','Isabella')
1718719094950|1|statement|insert into projet (nom_projet) values ('Projet B')
1718719094951|0|statement|insert into etudiant (ecole_id,nom,prenom) values (118,'Anderson','James')
1718719094952|0|statement|insert into projet (nom_projet) values ('Projet D')
1718719094954|0|statement|insert into etudiant_projet (etudiant_id,projet_id) values (472,592)
1718719094955|0|statement|insert into etudiant_projet (etudiant_id,projet_id) values (473,593)
1718719094956|0|statement|insert into etudiant_projet (etudiant_id,projet_id) values (474,594)
1718719094958|1|commit|
1718719094968|1|statement|insert into adresse (code_postal,complement_adresse,ville) values (59000,'PB3s2iw4je','Lille')
1718719094970|1|statement|insert into ecole (adresse_id,domaine_ecole,nom_ecole) values (119,'Arts','École F')
1718719094972|1|statement|insert into etudiant (ecole_id,nom,prenom) values (119,'Johnson','Olivia')
1718719094973|1|statement|insert into projet (nom_projet) values ('Projet D')
1718719094975|1|statement|insert into etudiant (ecole_id,nom,prenom) values (119,'Smith','Emma')
1718719094977|1|statement|insert into projet (nom_projet) values ('Projet H')
1718719094978|1|statement|insert into etudiant (ecole_id,nom,prenom) values (119,'Wilson','Olivia')
1718719094979|0|statement|insert into projet (nom_projet) values ('Projet J')
1718719094981|1|statement|insert into etudiant_projet (etudiant_id,projet_id) values (475,595)
1718719094982|1|statement|insert into etudiant_projet (etudiant_id,projet_id) values (476,596)
1718719094984|1|statement|insert into etudiant_projet (etudiant_id,projet_id) values (477,597)
1718719094986|2|commit|
1718719094996|1|statement|insert into adresse (code_postal,complement_adresse,ville) values (13000,'NFSsCV7yQL','Bordeaux')
1718719094998|1|statement|insert into ecole (adresse_id,domaine_ecole,nom_ecole) values (120,'Génie Civil','École C')
1718719094999|1|statement|insert into etudiant (ecole_id,nom,prenom) values (120,'Anderson','Daniel')
1718719095001|1|statement|insert into projet (nom_projet) values ('Projet A')
1718719095002|1|statement|insert into etudiant (ecole_id,nom,prenom) values (120,'Williams','Daniel')
1718719095004|1|statement|insert into projet (nom_projet) values ('Projet B')
1718719095006|1|statement|insert into etudiant (ecole_id,nom,prenom) values (120,'Johnson','Noah')
1718719095007|0|statement|insert into projet (nom_projet) values ('Projet C')
1718719095008|1|statement|insert into etudiant_projet (etudiant_id,projet_id) values (478,598)
1718719095009|0|statement|insert into etudiant_projet (etudiant_id,projet_id) values (479,599)
1718719095010|0|statement|insert into etudiant_projet (etudiant_id,projet_id) values (480,600)
1718719095013|2|commit|
1718719272252|6|statement|select * from information_schema.sequences
1718719272294|1|statement|select * from "public"."adresse" where 1=0
1718719272315|1|statement|select * from "public"."ecole" where 1=0
1718719272332|1|statement|select * from "public"."etudiant" where 1=0
1718719272340|1|statement|select * from "public"."projet" where 1=0
1718719296190|3|statement|insert into etudiant (ecole_id,nom,prenom) values (NULL,'Williams','Emma')
1718719296198|1|statement|insert into projet (nom_projet) values ('Projet J')
1718719296213|2|statement|insert into etudiant_projet (etudiant_id,projet_id) values (481,601)
1718719296223|8|commit|
1718719296256|1|statement|insert into etudiant (ecole_id,nom,prenom) values (NULL,'Brown','James')
1718719296258|1|statement|insert into projet (nom_projet) values ('Projet F')
1718719296261|1|statement|insert into etudiant_projet (etudiant_id,projet_id) values (482,602)
1718719296264|2|commit|
1718719296273|1|statement|insert into etudiant (ecole_id,nom,prenom) values (NULL,'Wilson','William')
1718719296274|1|statement|insert into projet (nom_projet) values ('Projet C')
1718719296277|1|statement|insert into etudiant_projet (etudiant_id,projet_id) values (483,603)
1718719296280|2|commit|
1718719296287|1|statement|insert into etudiant (ecole_id,nom,prenom) values (NULL,'Davis','Liam')
1718719296289|1|statement|insert into projet (nom_projet) values ('Projet A')
1718719296291|1|statement|insert into etudiant_projet (etudiant_id,projet_id) values (484,604)
1718719296293|2|commit|
1718719296302|1|statement|insert into etudiant (ecole_id,nom,prenom) values (NULL,'Taylor','Olivia')
1718719296304|1|statement|insert into projet (nom_projet) values ('Projet C')
1718719296306|1|statement|insert into etudiant_projet (etudiant_id,projet_id) values (485,605)
1718719296308|2|commit|
1718719296317|1|statement|insert into etudiant (ecole_id,nom,prenom) values (NULL,'Taylor','James')
1718719296319|1|statement|insert into projet (nom_projet) values ('Projet B')
1718719296321|1|statement|insert into etudiant_projet (etudiant_id,projet_id) values (486,606)
1718719296324|2|commit|
1718719296331|1|statement|insert into etudiant (ecole_id,nom,prenom) values (NULL,'Anderson','Daniel')
1718719296333|1|statement|insert into projet (nom_projet) values ('Projet C')
1718719296335|1|statement|insert into etudiant_projet (etudiant_id,projet_id) values (487,607)
1718719296338|2|commit|
1718719296347|1|statement|insert into etudiant (ecole_id,nom,prenom) values (NULL,'Johnson','Emma')
1718719296349|1|statement|insert into projet (nom_projet) values ('Projet C')
1718719296350|1|statement|insert into etudiant_projet (etudiant_id,projet_id) values (488,608)
1718719296353|2|commit|
1718719296361|1|statement|insert into etudiant (ecole_id,nom,prenom) values (NULL,'Taylor','Liam')
1718719296362|1|statement|insert into projet (nom_projet) values ('Projet H')
1718719296364|1|statement|insert into etudiant_projet (etudiant_id,projet_id) values (489,609)
1718719296367|2|commit|
1718719296374|1|statement|insert into etudiant (ecole_id,nom,prenom) values (NULL,'Smith','Olivia')
1718719296376|1|statement|insert into projet (nom_projet) values ('Projet F')
1718719296378|1|statement|insert into etudiant_projet (etudiant_id,projet_id) values (490,610)
1718719296381|2|commit|
1718719296388|1|statement|insert into etudiant (ecole_id,nom,prenom) values (NULL,'Johnson','Sophia')
1718719296390|1|statement|insert into projet (nom_projet) values ('Projet D')
1718719296391|1|statement|insert into etudiant_projet (etudiant_id,projet_id) values (491,611)
1718719296394|2|commit|
1718719296401|1|statement|insert into etudiant (ecole_id,nom,prenom) values (NULL,'Davis','Noah')
1718719296403|1|statement|insert into projet (nom_projet) values ('Projet F')
1718719296405|1|statement|insert into etudiant_projet (etudiant_id,projet_id) values (492,612)
1718719296408|2|commit|
1718719296415|1|statement|insert into etudiant (ecole_id,nom,prenom) values (NULL,'Wilson','William')
1718719296417|1|statement|insert into projet (nom_projet) values ('Projet A')
1718719296419|1|statement|insert into etudiant_projet (etudiant_id,projet_id) values (493,613)
1718719296421|2|commit|
1718719296428|1|statement|insert into etudiant (ecole_id,nom,prenom) values (NULL,'Johnson','James')
1718719296430|1|statement|insert into projet (nom_projet) values ('Projet A')
1718719296432|1|statement|insert into etudiant_projet (etudiant_id,projet_id) values (494,614)
1718719296435|2|commit|
1718719296442|1|statement|insert into etudiant (ecole_id,nom,prenom) values (NULL,'Taylor','Noah')
1718719296444|1|statement|insert into projet (nom_projet) values ('Projet C')
1718719296446|1|statement|insert into etudiant_projet (etudiant_id,projet_id) values (495,615)
1718719296449|2|commit|
1718719296457|1|statement|insert into etudiant (ecole_id,nom,prenom) values (NULL,'Williams','Ava')
1718719296459|1|statement|insert into projet (nom_projet) values ('Projet F')
1718719296461|1|statement|insert into etudiant_projet (etudiant_id,projet_id) values (496,616)
1718719296464|2|commit|
1718719296472|1|statement|insert into etudiant (ecole_id,nom,prenom) values (NULL,'Taylor','William')
1718719296474|1|statement|insert into projet (nom_projet) values ('Projet A')
1718719296475|1|statement|insert into etudiant_projet (etudiant_id,projet_id) values (497,617)
1718719296477|2|commit|
1718719296484|1|statement|insert into etudiant (ecole_id,nom,prenom) values (NULL,'Johnson','James')
1718719296485|0|statement|insert into projet (nom_projet) values ('Projet F')
1718719296487|1|statement|insert into etudiant_projet (etudiant_id,projet_id) values (498,618)
1718719296490|2|commit|
1718719296498|1|statement|insert into etudiant (ecole_id,nom,prenom) values (NULL,'Anderson','Liam')
1718719296499|1|statement|insert into projet (nom_projet) values ('Projet E')
1718719296501|0|statement|insert into etudiant_projet (etudiant_id,projet_id) values (499,619)
1718719296503|2|commit|
1718719296510|1|statement|insert into etudiant (ecole_id,nom,prenom) values (NULL,'Davis','Noah')
1718719296512|0|statement|insert into projet (nom_projet) values ('Projet D')
1718719296513|0|statement|insert into etudiant_projet (etudiant_id,projet_id) values (500,620)
1718719296515|1|commit|
1718719296522|1|statement|insert into etudiant (ecole_id,nom,prenom) values (NULL,'Wilson','James')
1718719296523|0|statement|insert into projet (nom_projet) values ('Projet H')
1718719296525|1|statement|insert into etudiant_projet (etudiant_id,projet_id) values (501,621)
1718719296527|1|commit|
1718719296535|1|statement|insert into etudiant (ecole_id,nom,prenom) values (NULL,'Anderson','James')
1718719296537|1|statement|insert into projet (nom_projet) values ('Projet F')
1718719296539|1|statement|insert into etudiant_projet (etudiant_id,projet_id) values (502,622)
1718719296542|2|commit|
1718719296549|1|statement|insert into etudiant (ecole_id,nom,prenom) values (NULL,'Williams','Emma')
1718719296551|1|statement|insert into projet (nom_projet) values ('Projet J')
1718719296552|1|statement|insert into etudiant_projet (etudiant_id,projet_id) values (503,623)
1718719296555|2|commit|
1718719296562|1|statement|insert into etudiant (ecole_id,nom,prenom) values (NULL,'Smith','Sophia')
1718719296564|1|statement|insert into projet (nom_projet) values ('Projet E')
1718719296566|1|statement|insert into etudiant_projet (etudiant_id,projet_id) values (504,624)
1718719296569|2|commit|
1718719296576|1|statement|insert into etudiant (ecole_id,nom,prenom) values (NULL,'Williams','Sophia')
1718719296577|0|statement|insert into projet (nom_projet) values ('Projet I')
1718719296579|0|statement|insert into etudiant_projet (etudiant_id,projet_id) values (505,625)
1718719296581|1|commit|
1718719296588|1|statement|insert into etudiant (ecole_id,nom,prenom) values (NULL,'Moore','Emma')
1718719296590|1|statement|insert into projet (nom_projet) values ('Projet G')
1718719296591|1|statement|insert into etudiant_projet (etudiant_id,projet_id) values (506,626)
1718719296594|2|commit|
1718719296601|1|statement|insert into etudiant (ecole_id,nom,prenom) values (NULL,'Smith','Ava')
1718719296603|1|statement|insert into projet (nom_projet) values ('Projet E')
1718719296604|1|statement|insert into etudiant_projet (etudiant_id,projet_id) values (507,627)
1718719296607|2|commit|
1718719296614|1|statement|insert into etudiant (ecole_id,nom,prenom) values (NULL,'Moore','Noah')
1718719296616|1|statement|insert into projet (nom_projet) values ('Projet J')
1718719296618|1|statement|insert into etudiant_projet (etudiant_id,projet_id) values (508,628)
1718719296620|2|commit|
1718719296627|1|statement|insert into etudiant (ecole_id,nom,prenom) values (NULL,'Taylor','Emma')
1718719296629|1|statement|insert into projet (nom_projet) values ('Projet D')
1718719296631|1|statement|insert into etudiant_projet (etudiant_id,projet_id) values (509,629)
1718719296633|2|commit|
1718719296640|1|statement|insert into etudiant (ecole_id,nom,prenom) values (NULL,'Brown','Ava')
1718719296642|0|statement|insert into projet (nom_projet) values ('Projet I')
1718719296643|0|statement|insert into etudiant_projet (etudiant_id,projet_id) values (510,630)
1718719296645|2|commit|
1718719296653|1|statement|insert into projet (nom_projet) values ('0uw60qCx7h')
1718719296656|2|commit|
1718719296685|1|statement|insert into projet (nom_projet) values ('FMjxe5YUNm')
1718719296688|2|commit|
1718719296697|1|statement|insert into projet (nom_projet) values ('rWICzkusM4')
1718719296700|2|commit|
1718719296709|1|statement|insert into projet (nom_projet) values ('RCcYHpC8Tf')
1718719296712|2|commit|
1718719296721|1|statement|insert into projet (nom_projet) values ('LSesntqLBJ')
1718719296724|2|commit|
1718719296733|1|statement|insert into projet (nom_projet) values ('nCub7PJUQN')
1718719296736|2|commit|
1718719296744|1|statement|insert into projet (nom_projet) values ('VX9sz8AOL1')
1718719296748|2|commit|
1718719296757|1|statement|insert into projet (nom_projet) values ('gXX0NFaeCR')
1718719296760|2|commit|
1718719296769|1|statement|insert into projet (nom_projet) values ('LQpX6ItaOG')
1718719296772|2|commit|
1718719296782|1|statement|insert into projet (nom_projet) values ('IlRVLRZ6ae')
1718719296785|2|commit|
1718719296795|1|statement|insert into projet (nom_projet) values ('NGKoUbb81b')
1718719296797|2|commit|
1718719296806|1|statement|insert into projet (nom_projet) values ('ninhOx4FOG')
1718719296810|2|commit|
1718719296820|1|statement|insert into projet (nom_projet) values ('NxfAIpucx3')
1718719296823|2|commit|
1718719296834|1|statement|insert into projet (nom_projet) values ('RNraGLjg2l')
1718719296837|2|commit|
1718719296848|1|statement|insert into projet (nom_projet) values ('pRN1IHypoZ')
1718719296850|2|commit|
1718719296860|1|statement|insert into projet (nom_projet) values ('Bk97UUjyQT')
1718719296863|2|commit|
1718719296873|1|statement|insert into projet (nom_projet) values ('gFeIU0U3V3')
1718719296876|2|commit|
1718719296886|1|statement|insert into projet (nom_projet) values ('SppebeI5y3')
1718719296889|2|commit|
1718719296901|1|statement|insert into projet (nom_projet) values ('q2k1XuYMCq')
1718719296904|2|commit|
1718719296916|1|statement|insert into projet (nom_projet) values ('UlyfJvKIF9')
1718719296919|2|commit|
1718719296931|1|statement|insert into projet (nom_projet) values ('1rCSpsHqSk')
1718719296935|2|commit|
1718719296947|1|statement|insert into projet (nom_projet) values ('ZfwBUjQpRQ')
1718719296950|2|commit|
1718719296962|1|statement|insert into projet (nom_projet) values ('dGeZhybAVr')
1718719296966|2|commit|
1718719296977|1|statement|insert into projet (nom_projet) values ('1n2N4k7ArA')
1718719296980|2|commit|
1718719296991|1|statement|insert into projet (nom_projet) values ('Gpy38MieKE')
1718719296995|2|commit|
1718719297007|1|statement|insert into projet (nom_projet) values ('ZHTzpfSlWa')
1718719297010|2|commit|
1718719297022|2|statement|insert into projet (nom_projet) values ('tZA9rH9Bn6')
1718719297026|2|commit|
1718719297037|1|statement|insert into projet (nom_projet) values ('dxKn0nia2Y')
1718719297040|2|commit|
1718719297051|1|statement|insert into projet (nom_projet) values ('m2EG0YVSKR')
1718719297054|2|commit|
1718719297066|1|statement|insert into projet (nom_projet) values ('iFQyyhkQgW')
1718719297069|2|commit|
1718719297084|1|statement|insert into adresse (code_postal,complement_adresse,ville) values (44000,'7Z43M9EGjJ','Marseille')
1718719297087|1|statement|insert into ecole (adresse_id,domaine_ecole,nom_ecole) values (121,'Droit','École F')
1718719297089|1|statement|insert into etudiant (ecole_id,nom,prenom) values (121,'Miller','James')
1718719297091|1|statement|insert into projet (nom_projet) values ('Projet G')
1718719297093|1|statement|insert into etudiant (ecole_id,nom,prenom) values (121,'Brown','Ava')
1718719297095|1|statement|insert into projet (nom_projet) values ('Projet J')
1718719297097|1|statement|insert into etudiant (ecole_id,nom,prenom) values (121,'Miller','Liam')
1718719297099|1|statement|insert into projet (nom_projet) values ('Projet I')
1718719297103|1|statement|insert into etudiant_projet (etudiant_id,projet_id) values (511,661)
1718719297104|1|statement|insert into etudiant_projet (etudiant_id,projet_id) values (512,662)
1718719297106|1|statement|insert into etudiant_projet (etudiant_id,projet_id) values (513,663)
1718719297109|2|commit|
1718719297120|1|statement|insert into adresse (code_postal,complement_adresse,ville) values (59000,'eVnAUozglz','Lyon')
1718719297123|1|statement|insert into ecole (adresse_id,domaine_ecole,nom_ecole) values (122,'Économie','École B')
1718719297125|1|statement|insert into etudiant (ecole_id,nom,prenom) values (122,'Smith','James')
1718719297127|1|statement|insert into projet (nom_projet) values ('Projet J')
1718719297129|1|statement|insert into etudiant (ecole_id,nom,prenom) values (122,'Smith','Sophia')
1718719297131|1|statement|insert into projet (nom_projet) values ('Projet I')
1718719297134|1|statement|insert into etudiant (ecole_id,nom,prenom) values (122,'Williams','Olivia')
1718719297136|1|statement|insert into projet (nom_projet) values ('Projet B')
1718719297138|1|statement|insert into etudiant_projet (etudiant_id,projet_id) values (514,664)
1718719297140|1|statement|insert into etudiant_projet (etudiant_id,projet_id) values (515,665)
1718719297142|1|statement|insert into etudiant_projet (etudiant_id,projet_id) values (516,666)
1718719297145|2|commit|
1718719297155|1|statement|insert into adresse (code_postal,complement_adresse,ville) values (44000,'JRBMRwYko5','Lyon')
1718719297157|1|statement|insert into ecole (adresse_id,domaine_ecole,nom_ecole) values (123,'Économie','École F')
1718719297159|1|statement|insert into etudiant (ecole_id,nom,prenom) values (123,'Miller','Sophia')
1718719297161|1|statement|insert into projet (nom_projet) values ('Projet F')
1718719297163|1|statement|insert into etudiant (ecole_id,nom,prenom) values (123,'Moore','William')
1718719297165|1|statement|insert into projet (nom_projet) values ('Projet F')
1718719297167|1|statement|insert into etudiant (ecole_id,nom,prenom) values (123,'Davis','William')
1718719297169|1|statement|insert into projet (nom_projet) values ('Projet A')
1718719297171|1|statement|insert into etudiant_projet (etudiant_id,projet_id) values (517,667)
1718719297172|1|statement|insert into etudiant_projet (etudiant_id,projet_id) values (518,668)
1718719297174|1|statement|insert into etudiant_projet (etudiant_id,projet_id) values (519,669)
1718719297176|2|commit|
1718719297184|1|statement|insert into adresse (code_postal,complement_adresse,ville) values (75000,'Aqh8sejQxe','Strasbourg')
1718719297187|1|statement|insert into ecole (adresse_id,domaine_ecole,nom_ecole) values (124,'Informatique','École E')
1718719297189|1|statement|insert into etudiant (ecole_id,nom,prenom) values (124,'Williams','William')
1718719297191|1|statement|insert into projet (nom_projet) values ('Projet G')
1718719297193|1|statement|insert into etudiant (ecole_id,nom,prenom) values (124,'Davis','Ava')
1718719297195|1|statement|insert into projet (nom_projet) values ('Projet D')
1718719297196|1|statement|insert into etudiant (ecole_id,nom,prenom) values (124,'Williams','Daniel')
1718719297198|1|statement|insert into projet (nom_projet) values ('Projet G')
1718719297200|1|statement|insert into etudiant_projet (etudiant_id,projet_id) values (520,670)
1718719297201|0|statement|insert into etudiant_projet (etudiant_id,projet_id) values (521,671)
1718719297202|0|statement|insert into etudiant_projet (etudiant_id,projet_id) values (522,672)
1718719297204|1|commit|
1718719297211|1|statement|insert into adresse (code_postal,complement_adresse,ville) values (67000,'kkKRtZ5KtI','Montpellier')
1718719297214|1|statement|insert into ecole (adresse_id,domaine_ecole,nom_ecole) values (125,'Biologie','École A')
1718719297215|1|statement|insert into etudiant (ecole_id,nom,prenom) values (125,'Wilson','William')
1718719297217|1|statement|insert into projet (nom_projet) values ('Projet H')
1718719297218|1|statement|insert into etudiant (ecole_id,nom,prenom) values (125,'Davis','Ava')
1718719297219|0|statement|insert into projet (nom_projet) values ('Projet A')
1718719297221|0|statement|insert into etudiant (ecole_id,nom,prenom) values (125,'Williams','Isabella')
1718719297222|0|statement|insert into projet (nom_projet) values ('Projet F')
1718719297224|1|statement|insert into etudiant_projet (etudiant_id,projet_id) values (523,673)
1718719297225|0|statement|insert into etudiant_projet (etudiant_id,projet_id) values (524,674)
1718719297227|1|statement|insert into etudiant_projet (etudiant_id,projet_id) values (525,675)
1718719297229|1|commit|
1718719297236|1|statement|insert into adresse (code_postal,complement_adresse,ville) values (69000,'vbyCtEo0Yp','Lille')
1718719297238|1|statement|insert into ecole (adresse_id,domaine_ecole,nom_ecole) values (126,'Mécanique','École F')
1718719297240|1|statement|insert into etudiant (ecole_id,nom,prenom) values (126,'Johnson','William')
1718719297241|1|statement|insert into projet (nom_projet) values ('Projet J')
1718719297243|0|statement|insert into etudiant (ecole_id,nom,prenom) values (126,'Moore','Olivia')
1718719297244|0|statement|insert into projet (nom_projet) values ('Projet A')
1718719297245|1|statement|insert into etudiant (ecole_id,nom,prenom) values (126,'Moore','Emma')
1718719297246|0|statement|insert into projet (nom_projet) values ('Projet C')
1718719297248|1|statement|insert into etudiant_projet (etudiant_id,projet_id) values (526,676)
1718719297250|0|statement|insert into etudiant_projet (etudiant_id,projet_id) values (527,677)
1718719297251|0|statement|insert into etudiant_projet (etudiant_id,projet_id) values (528,678)
1718719297253|1|commit|
1718719297260|1|statement|insert into adresse (code_postal,complement_adresse,ville) values (75000,'WaCNHK8exj','Montpellier')
1718719297262|1|statement|insert into ecole (adresse_id,domaine_ecole,nom_ecole) values (127,'Lettres','École I')
1718719297263|0|statement|insert into etudiant (ecole_id,nom,prenom) values (127,'Wilson','Olivia')
1718719297264|0|statement|insert into projet (nom_projet) values ('Projet G')
1718719297266|1|statement|insert into etudiant (ecole_id,nom,prenom) values (127,'Davis','Noah')
1718719297267|0|statement|insert into projet (nom_projet) values ('Projet B')
1718719297268|0|statement|insert into etudiant (ecole_id,nom,prenom) values (127,'Anderson','Olivia')
1718719297269|0|statement|insert into projet (nom_projet) values ('Projet A')
1718719297271|0|statement|insert into etudiant_projet (etudiant_id,projet_id) values (529,679)
1718719297272|0|statement|insert into etudiant_projet (etudiant_id,projet_id) values (530,680)
1718719297273|0|statement|insert into etudiant_projet (etudiant_id,projet_id) values (531,681)
1718719297275|1|commit|
1718719297284|1|statement|insert into adresse (code_postal,complement_adresse,ville) values (59000,'5oXiPWgmha','Bordeaux')
1718719297285|1|statement|insert into ecole (adresse_id,domaine_ecole,nom_ecole) values (128,'Génie Civil','École E')
1718719297287|1|statement|insert into etudiant (ecole_id,nom,prenom) values (128,'Wilson','Sophia')
1718719297289|1|statement|insert into projet (nom_projet) values ('Projet G')
1718719297291|1|statement|insert into etudiant (ecole_id,nom,prenom) values (128,'Miller','Sophia')
1718719297293|1|statement|insert into projet (nom_projet) values ('Projet H')
1718719297294|1|statement|insert into etudiant (ecole_id,nom,prenom) values (128,'Smith','Daniel')
1718719297296|0|statement|insert into projet (nom_projet) values ('Projet G')
1718719297298|1|statement|insert into etudiant_projet (etudiant_id,projet_id) values (532,682)
1718719297299|0|statement|insert into etudiant_projet (etudiant_id,projet_id) values (533,683)
1718719297300|0|statement|insert into etudiant_projet (etudiant_id,projet_id) values (534,684)
1718719297302|2|commit|
1718719297310|1|statement|insert into adresse (code_postal,complement_adresse,ville) values (67000,'GK3V5Tg44S','Lyon')
1718719297311|1|statement|insert into ecole (adresse_id,domaine_ecole,nom_ecole) values (129,'Arts','École D')
1718719297312|1|statement|insert into etudiant (ecole_id,nom,prenom) values (129,'Wilson','William')
1718719297314|1|statement|insert into projet (nom_projet) values ('Projet G')
1718719297315|1|statement|insert into etudiant (ecole_id,nom,prenom) values (129,'Davis','Ava')
1718719297317|1|statement|insert into projet (nom_projet) values ('Projet F')
1718719297318|0|statement|insert into etudiant (ecole_id,nom,prenom) values (129,'Miller','Ava')
1718719297319|0|statement|insert into projet (nom_projet) values ('Projet C')
1718719297321|1|statement|insert into etudiant_projet (etudiant_id,projet_id) values (535,685)
1718719297322|0|statement|insert into etudiant_projet (etudiant_id,projet_id) values (536,686)
1718719297323|0|statement|insert into etudiant_projet (etudiant_id,projet_id) values (537,687)
1718719297325|1|commit|
1718719297332|1|statement|insert into adresse (code_postal,complement_adresse,ville) values (59000,'McbFYSTVPz','Montpellier')
1718719297334|1|statement|insert into ecole (adresse_id,domaine_ecole,nom_ecole) values (130,'Mécanique','École B')
1718719297336|1|statement|insert into etudiant (ecole_id,nom,prenom) values (130,'Johnson','Emma')
1718719297337|1|statement|insert into projet (nom_projet) values ('Projet E')
1718719297338|1|statement|insert into etudiant (ecole_id,nom,prenom) values (130,'Taylor','Liam')
1718719297339|0|statement|insert into projet (nom_projet) values ('Projet C')
1718719297341|0|statement|insert into etudiant (ecole_id,nom,prenom) values (130,'Wilson','Noah')
1718719297342|0|statement|insert into projet (nom_projet) values ('Projet J')
1718719297343|0|statement|insert into etudiant_projet (etudiant_id,projet_id) values (538,688)
1718719297344|0|statement|insert into etudiant_projet (etudiant_id,projet_id) values (539,689)
1718719297345|0|statement|insert into etudiant_projet (etudiant_id,projet_id) values (540,690)
1718719297347|1|commit|
1718719297355|1|statement|insert into adresse (code_postal,complement_adresse,ville) values (67000,'pjuREgid0J','Marseille')
1718719297357|1|statement|insert into ecole (adresse_id,domaine_ecole,nom_ecole) values (131,'Économie','École E')
1718719297359|1|statement|insert into etudiant (ecole_id,nom,prenom) values (131,'Taylor','Emma')
1718719297360|0|statement|insert into projet (nom_projet) values ('Projet H')
1718719297362|1|statement|insert into etudiant (ecole_id,nom,prenom) values (131,'Taylor','Daniel')
1718719297363|1|statement|insert into projet (nom_projet) values ('Projet F')
1718719297365|1|statement|insert into etudiant (ecole_id,nom,prenom) values (131,'Wilson','Sophia')
1718719297366|1|statement|insert into projet (nom_projet) values ('Projet A')
1718719297368|1|statement|insert into etudiant_projet (etudiant_id,projet_id) values (541,691)
1718719297369|0|statement|insert into etudiant_projet (etudiant_id,projet_id) values (542,692)
1718719297370|0|statement|insert into etudiant_projet (etudiant_id,projet_id) values (543,693)
1718719297373|2|commit|
1718719297380|1|statement|insert into adresse (code_postal,complement_adresse,ville) values (75000,'WiEmBI6kIT','Strasbourg')
1718719297382|1|statement|insert into ecole (adresse_id,domaine_ecole,nom_ecole) values (132,'Électronique','École G')
1718719297384|1|statement|insert into etudiant (ecole_id,nom,prenom) values (132,'Davis','William')
1718719297385|0|statement|insert into projet (nom_projet) values ('Projet F')
1718719297386|1|statement|insert into etudiant (ecole_id,nom,prenom) values (132,'Johnson','Sophia')
1718719297388|0|statement|insert into projet (nom_projet) values ('Projet I')
1718719297390|1|statement|insert into etudiant (ecole_id,nom,prenom) values (132,'Miller','Olivia')
1718719297391|1|statement|insert into projet (nom_projet) values ('Projet I')
1718719297393|1|statement|insert into etudiant_projet (etudiant_id,projet_id) values (544,694)
1718719297394|1|statement|insert into etudiant_projet (etudiant_id,projet_id) values (545,695)
1718719297395|0|statement|insert into etudiant_projet (etudiant_id,projet_id) values (546,696)
1718719297398|2|commit|
1718719297406|1|statement|insert into adresse (code_postal,complement_adresse,ville) values (44000,'gvLQuX9Tkh','Toulouse')
1718719297408|1|statement|insert into ecole (adresse_id,domaine_ecole,nom_ecole) values (133,'Informatique','École D')
1718719297409|1|statement|insert into etudiant (ecole_id,nom,prenom) values (133,'Smith','William')
1718719297411|1|statement|insert into projet (nom_projet) values ('Projet J')
1718719297412|1|statement|insert into etudiant (ecole_id,nom,prenom) values (133,'Smith','Ava')
1718719297413|0|statement|insert into projet (nom_projet) values ('Projet A')
1718719297415|1|statement|insert into etudiant (ecole_id,nom,prenom) values (133,'Davis','Isabella')
1718719297416|1|statement|insert into projet (nom_projet) values ('Projet J')
1718719297418|0|statement|insert into etudiant_projet (etudiant_id,projet_id) values (547,697)
1718719297419|0|statement|insert into etudiant_projet (etudiant_id,projet_id) values (548,698)
1718719297420|0|statement|insert into etudiant_projet (etudiant_id,projet_id) values (549,699)
1718719297422|1|commit|
1718719297429|1|statement|insert into adresse (code_postal,complement_adresse,ville) values (31000,'qs4Bj4McZF','Strasbourg')
1718719297431|1|statement|insert into ecole (adresse_id,domaine_ecole,nom_ecole) values (134,'Lettres','École G')
1718719297433|1|statement|insert into etudiant (ecole_id,nom,prenom) values (134,'Brown','Ava')
1718719297434|0|statement|insert into projet (nom_projet) values ('Projet C')
1718719297435|1|statement|insert into etudiant (ecole_id,nom,prenom) values (134,'Wilson','Olivia')
1718719297437|1|statement|insert into projet (nom_projet) values ('Projet E')
1718719297438|0|statement|insert into etudiant (ecole_id,nom,prenom) values (134,'Brown','Emma')
1718719297439|0|statement|insert into projet (nom_projet) values ('Projet I')
1718719297441|1|statement|insert into etudiant_projet (etudiant_id,projet_id) values (550,700)
1718719297442|1|statement|insert into etudiant_projet (etudiant_id,projet_id) values (551,701)
1718719297444|1|statement|insert into etudiant_projet (etudiant_id,projet_id) values (552,702)
1718719297447|2|commit|
1718719297454|1|statement|insert into adresse (code_postal,complement_adresse,ville) values (18041,'Q5wM9NOI5J','Toulouse')
1718719297456|1|statement|insert into ecole (adresse_id,domaine_ecole,nom_ecole) values (135,'Informatique','École C')
1718719297458|1|statement|insert into etudiant (ecole_id,nom,prenom) values (135,'Anderson','Liam')
1718719297459|0|statement|insert into projet (nom_projet) values ('Projet C')
1718719297460|0|statement|insert into etudiant (ecole_id,nom,prenom) values (135,'Johnson','Emma')
1718719297462|1|statement|insert into projet (nom_projet) values ('Projet F')
1718719297463|0|statement|insert into etudiant (ecole_id,nom,prenom) values (135,'Wilson','Noah')
1718719297464|0|statement|insert into projet (nom_projet) values ('Projet C')
1718719297466|0|statement|insert into etudiant_projet (etudiant_id,projet_id) values (553,703)
1718719297467|0|statement|insert into etudiant_projet (etudiant_id,projet_id) values (554,704)
1718719297468|0|statement|insert into etudiant_projet (etudiant_id,projet_id) values (555,705)
1718719297469|1|commit|
1718719297478|1|statement|insert into adresse (code_postal,complement_adresse,ville) values (44000,'BbUIg74g8u','Marseille')
1718719297480|0|statement|insert into ecole (adresse_id,domaine_ecole,nom_ecole) values (136,'Lettres','École B')
1718719297481|0|statement|insert into etudiant (ecole_id,nom,prenom) values (136,'Taylor','Isabella')
1718719297482|0|statement|insert into projet (nom_projet) values ('Projet B')
1718719297483|0|statement|insert into etudiant (ecole_id,nom,prenom) values (136,'Wilson','Isabella')
1718719297484|0|statement|insert into projet (nom_projet) values ('Projet J')
1718719297485|0|statement|insert into etudiant (ecole_id,nom,prenom) values (136,'Wilson','Sophia')
1718719297486|0|statement|insert into projet (nom_projet) values ('Projet E')
1718719297487|0|statement|insert into etudiant_projet (etudiant_id,projet_id) values (556,706)
1718719297488|0|statement|insert into etudiant_projet (etudiant_id,projet_id) values (557,707)
1718719297489|0|statement|insert into etudiant_projet (etudiant_id,projet_id) values (558,708)
1718719297491|2|commit|
1718719297500|1|statement|insert into adresse (code_postal,complement_adresse,ville) values (31000,'y8czmQHbVg','Strasbourg')
1718719297502|1|statement|insert into ecole (adresse_id,domaine_ecole,nom_ecole) values (137,'Mécanique','École F')
1718719297503|1|statement|insert into etudiant (ecole_id,nom,prenom) values (137,'Miller','Isabella')
1718719297504|1|statement|insert into projet (nom_projet) values ('Projet C')
1718719297506|1|statement|insert into etudiant (ecole_id,nom,prenom) values (137,'Moore','Noah')
1718719297507|1|statement|insert into projet (nom_projet) values ('Projet E')
1718719297508|0|statement|insert into etudiant (ecole_id,nom,prenom) values (137,'Moore','Ava')
1718719297510|0|statement|insert into projet (nom_projet) values ('Projet E')
1718719297511|1|statement|insert into etudiant_projet (etudiant_id,projet_id) values (559,709)
1718719297512|0|statement|insert into etudiant_projet (etudiant_id,projet_id) values (560,710)
1718719297513|0|statement|insert into etudiant_projet (etudiant_id,projet_id) values (561,711)
1718719297516|2|commit|
1718719297524|1|statement|insert into adresse (code_postal,complement_adresse,ville) values (75000,'XwMu5BZEBU','Lyon')
1718719297525|1|statement|insert into ecole (adresse_id,domaine_ecole,nom_ecole) values (138,'Électronique','École G')
1718719297527|0|statement|insert into etudiant (ecole_id,nom,prenom) values (138,'Brown','William')
1718719297528|0|statement|insert into projet (nom_projet) values ('Projet I')
1718719297529|0|statement|insert into etudiant (ecole_id,nom,prenom) values (138,'Moore','William')
1718719297530|1|statement|insert into projet (nom_projet) values ('Projet E')
1718719297531|0|statement|insert into etudiant (ecole_id,nom,prenom) values (138,'Taylor','Isabella')
1718719297532|0|statement|insert into projet (nom_projet) values ('Projet D')
1718719297534|0|statement|insert into etudiant_projet (etudiant_id,projet_id) values (562,712)
1718719297535|0|statement|insert into etudiant_projet (etudiant_id,projet_id) values (563,713)
1718719297536|0|statement|insert into etudiant_projet (etudiant_id,projet_id) values (564,714)
1718719297538|1|commit|
1718719297546|1|statement|insert into adresse (code_postal,complement_adresse,ville) values (67000,'QkyuPkoDXY','Toulouse')
1718719297547|1|statement|insert into ecole (adresse_id,domaine_ecole,nom_ecole) values (139,'Économie','École F')
1718719297548|0|statement|insert into etudiant (ecole_id,nom,prenom) values (139,'Moore','Sophia')
1718719297549|0|statement|insert into projet (nom_projet) values ('Projet E')
1718719297550|0|statement|insert into etudiant (ecole_id,nom,prenom) values (139,'Smith','Olivia')
1718719297552|0|statement|insert into projet (nom_projet) values ('Projet J')
1718719297553|0|statement|insert into etudiant (ecole_id,nom,prenom) values (139,'Davis','Sophia')
1718719297554|0|statement|insert into projet (nom_projet) values ('Projet E')
1718719297555|0|statement|insert into etudiant_projet (etudiant_id,projet_id) values (565,715)
1718719297556|0|statement|insert into etudiant_projet (etudiant_id,projet_id) values (566,716)
1718719297557|0|statement|insert into etudiant_projet (etudiant_id,projet_id) values (567,717)
1718719297559|1|commit|
1718719297566|1|statement|insert into adresse (code_postal,complement_adresse,ville) values (59000,'tcrrwzrhDm','Bordeaux')
1718719297567|0|statement|insert into ecole (adresse_id,domaine_ecole,nom_ecole) values (140,'Biologie','École F')
1718719297569|0|statement|insert into etudiant (ecole_id,nom,prenom) values (140,'Williams','William')
1718719297570|0|statement|insert into projet (nom_projet) values ('Projet E')
1718719297571|0|statement|insert into etudiant (ecole_id,nom,prenom) values (140,'Anderson','Olivia')
1718719297572|0|statement|insert into projet (nom_projet) values ('Projet J')
1718719297573|1|statement|insert into etudiant (ecole_id,nom,prenom) values (140,'Anderson','Emma')
1718719297575|1|statement|insert into projet (nom_projet) values ('Projet F')
1718719297576|1|statement|insert into etudiant_projet (etudiant_id,projet_id) values (568,718)
1718719297577|0|statement|insert into etudiant_projet (etudiant_id,projet_id) values (569,719)
1718719297578|0|statement|insert into etudiant_projet (etudiant_id,projet_id) values (570,720)
1718719297580|1|commit|
1718719297587|1|statement|insert into adresse (code_postal,complement_adresse,ville) values (18041,'SY8Hr0QB7g','Nantes')
1718719297588|0|statement|insert into ecole (adresse_id,domaine_ecole,nom_ecole) values (141,'Droit','École I')
1718719297589|1|statement|insert into etudiant (ecole_id,nom,prenom) values (141,'Smith','Ava')
1718719297591|0|statement|insert into projet (nom_projet) values ('Projet E')
1718719297592|0|statement|insert into etudiant (ecole_id,nom,prenom) values (141,'Smith','James')
1718719297593|0|statement|insert into projet (nom_projet) values ('Projet H')
1718719297595|0|statement|insert into etudiant (ecole_id,nom,prenom) values (141,'Johnson','Daniel')
1718719297596|0|statement|insert into projet (nom_projet) values ('Projet B')
1718719297597|1|statement|insert into etudiant_projet (etudiant_id,projet_id) values (571,721)
1718719297598|0|statement|insert into etudiant_projet (etudiant_id,projet_id) values (572,722)
1718719297600|0|statement|insert into etudiant_projet (etudiant_id,projet_id) values (573,723)
1718719297601|1|commit|
1718719297608|1|statement|insert into adresse (code_postal,complement_adresse,ville) values (18041,'BChQaTguwg','Paris')
1718719297610|1|statement|insert into ecole (adresse_id,domaine_ecole,nom_ecole) values (142,'Lettres','École D')
1718719297611|0|statement|insert into etudiant (ecole_id,nom,prenom) values (142,'Miller','Liam')
1718719297612|1|statement|insert into projet (nom_projet) values ('Projet E')
1718719297614|1|statement|insert into etudiant (ecole_id,nom,prenom) values (142,'Brown','Noah')
1718719297615|1|statement|insert into projet (nom_projet) values ('Projet J')
1718719297615|0|statement|insert into etudiant (ecole_id,nom,prenom) values (142,'Anderson','Liam')
1718719297616|0|statement|insert into projet (nom_projet) values ('Projet J')
1718719297618|0|statement|insert into etudiant_projet (etudiant_id,projet_id) values (574,724)
1718719297619|0|statement|insert into etudiant_projet (etudiant_id,projet_id) values (575,725)
1718719297620|0|statement|insert into etudiant_projet (etudiant_id,projet_id) values (576,726)
1718719297623|2|commit|
1718719297629|1|statement|insert into adresse (code_postal,complement_adresse,ville) values (18041,'uBqUv29olp','Montpellier')
1718719297631|1|statement|insert into ecole (adresse_id,domaine_ecole,nom_ecole) values (143,'Droit','École J')
1718719297632|1|statement|insert into etudiant (ecole_id,nom,prenom) values (143,'Anderson','Daniel')
1718719297633|0|statement|insert into projet (nom_projet) values ('Projet F')
1718719297634|0|statement|insert into etudiant (ecole_id,nom,prenom) values (143,'Miller','Ava')
1718719297635|0|statement|insert into projet (nom_projet) values ('Projet A')
1718719297636|0|statement|insert into etudiant (ecole_id,nom,prenom) values (143,'Smith','Emma')
1718719297638|0|statement|insert into projet (nom_projet) values ('Projet G')
1718719297639|0|statement|insert into etudiant_projet (etudiant_id,projet_id) values (577,727)
1718719297640|0|statement|insert into etudiant_projet (etudiant_id,projet_id) values (578,728)
1718719297641|0|statement|insert into etudiant_projet (etudiant_id,projet_id) values (579,729)
1718719297643|2|commit|
1718719297651|1|statement|insert into adresse (code_postal,complement_adresse,ville) values (18041,'JY7XgF3GpB','Lille')
1718719297652|1|statement|insert into ecole (adresse_id,domaine_ecole,nom_ecole) values (144,'Électronique','École A')
1718719297653|1|statement|insert into etudiant (ecole_id,nom,prenom) values (144,'Williams','Isabella')
1718719297655|0|statement|insert into projet (nom_projet) values ('Projet A')
1718719297656|1|statement|insert into etudiant (ecole_id,nom,prenom) values (144,'Johnson','Olivia')
1718719297657|1|statement|insert into projet (nom_projet) values ('Projet A')
1718719297658|0|statement|insert into etudiant (ecole_id,nom,prenom) values (144,'Davis','Daniel')
1718719297660|1|statement|insert into projet (nom_projet) values ('Projet B')
1718719297662|0|statement|insert into etudiant_projet (etudiant_id,projet_id) values (580,730)
1718719297663|0|statement|insert into etudiant_projet (etudiant_id,projet_id) values (581,731)
1718719297664|1|statement|insert into etudiant_projet (etudiant_id,projet_id) values (582,732)
1718719297667|2|commit|
1718719297675|1|statement|insert into adresse (code_postal,complement_adresse,ville) values (44000,'wezzEKf8R0','Nantes')
1718719297676|0|statement|insert into ecole (adresse_id,domaine_ecole,nom_ecole) values (145,'Arts','École I')
1718719297677|0|statement|insert into etudiant (ecole_id,nom,prenom) values (145,'Johnson','Emma')
1718719297679|0|statement|insert into projet (nom_projet) values ('Projet H')
1718719297680|0|statement|insert into etudiant (ecole_id,nom,prenom) values (145,'Taylor','Daniel')
1718719297681|0|statement|insert into projet (nom_projet) values ('Projet A')
1718719297682|1|statement|insert into etudiant (ecole_id,nom,prenom) values (145,'Anderson','Emma')
1718719297683|0|statement|insert into projet (nom_projet) values ('Projet D')
1718719297685|0|statement|insert into etudiant_projet (etudiant_id,projet_id) values (583,733)
1718719297686|0|statement|insert into etudiant_projet (etudiant_id,projet_id) values (584,734)
1718719297687|0|statement|insert into etudiant_projet (etudiant_id,projet_id) values (585,735)
1718719297689|1|commit|
1718719297696|1|statement|insert into adresse (code_postal,complement_adresse,ville) values (18041,'Ni6B3PEjCK','Nice')
1718719297697|1|statement|insert into ecole (adresse_id,domaine_ecole,nom_ecole) values (146,'Économie','École J')
1718719297699|1|statement|insert into etudiant (ecole_id,nom,prenom) values (146,'Smith','Isabella')
1718719297700|0|statement|insert into projet (nom_projet) values ('Projet E')
1718719297701|0|statement|insert into etudiant (ecole_id,nom,prenom) values (146,'Miller','Noah')
1718719297702|0|statement|insert into projet (nom_projet) values ('Projet F')
1718719297703|0|statement|insert into etudiant (ecole_id,nom,prenom) values (146,'Johnson','Ava')
1718719297704|0|statement|insert into projet (nom_projet) values ('Projet C')
1718719297706|1|statement|insert into etudiant_projet (etudiant_id,projet_id) values (586,736)
1718719297707|0|statement|insert into etudiant_projet (etudiant_id,projet_id) values (587,737)
1718719297708|0|statement|insert into etudiant_projet (etudiant_id,projet_id) values (588,738)
1718719297710|1|commit|
1718719297717|1|statement|insert into adresse (code_postal,complement_adresse,ville) values (59000,'b30pfmZk31','Nantes')
1718719297719|0|statement|insert into ecole (adresse_id,domaine_ecole,nom_ecole) values (147,'Chimie','École H')
1718719297720|0|statement|insert into etudiant (ecole_id,nom,prenom) values (147,'Anderson','Sophia')
1718719297721|0|statement|insert into projet (nom_projet) values ('Projet C')
1718719297722|1|statement|insert into etudiant (ecole_id,nom,prenom) values (147,'Wilson','Olivia')
1718719297724|1|statement|insert into projet (nom_projet) values ('Projet H')
1718719297725|1|statement|insert into etudiant (ecole_id,nom,prenom) values (147,'Brown','Emma')
1718719297726|0|statement|insert into projet (nom_projet) values ('Projet E')
1718719297727|0|statement|insert into etudiant_projet (etudiant_id,projet_id) values (589,739)
1718719297729|0|statement|insert into etudiant_projet (etudiant_id,projet_id) values (590,740)
1718719297730|0|statement|insert into etudiant_projet (etudiant_id,projet_id) values (591,741)
1718719297732|2|commit|
1718719297740|1|statement|insert into adresse (code_postal,complement_adresse,ville) values (75000,'ornaGxTTeb','Toulouse')
1718719297741|1|statement|insert into ecole (adresse_id,domaine_ecole,nom_ecole) values (148,'Lettres','École G')
1718719297743|1|statement|insert into etudiant (ecole_id,nom,prenom) values (148,'Wilson','Daniel')
1718719297744|1|statement|insert into projet (nom_projet) values ('Projet E')
1718719297745|1|statement|insert into etudiant (ecole_id,nom,prenom) values (148,'Brown','Noah')
1718719297746|1|statement|insert into projet (nom_projet) values ('Projet I')
1718719297748|1|statement|insert into etudiant (ecole_id,nom,prenom) values (148,'Miller','William')
1718719297749|0|statement|insert into projet (nom_projet) values ('Projet A')
1718719297750|0|statement|insert into etudiant_projet (etudiant_id,projet_id) values (592,742)
1718719297752|0|statement|insert into etudiant_projet (etudiant_id,projet_id) values (593,743)
1718719297752|0|statement|insert into etudiant_projet (etudiant_id,projet_id) values (594,744)
1718719297755|1|commit|
1718719297762|1|statement|insert into adresse (code_postal,complement_adresse,ville) values (31000,'1gsa6LDpzE','Paris')
1718719297763|1|statement|insert into ecole (adresse_id,domaine_ecole,nom_ecole) values (149,'Électronique','École D')
1718719297765|1|statement|insert into etudiant (ecole_id,nom,prenom) values (149,'Johnson','William')
1718719297767|1|statement|insert into projet (nom_projet) values ('Projet D')
1718719297768|1|statement|insert into etudiant (ecole_id,nom,prenom) values (149,'Davis','Ava')
1718719297770|1|statement|insert into projet (nom_projet) values ('Projet J')
1718719297772|1|statement|insert into etudiant (ecole_id,nom,prenom) values (149,'Brown','Emma')
1718719297773|1|statement|insert into projet (nom_projet) values ('Projet B')
1718719297775|1|statement|insert into etudiant_projet (etudiant_id,projet_id) values (595,745)
1718719297776|1|statement|insert into etudiant_projet (etudiant_id,projet_id) values (596,746)
1718719297777|0|statement|insert into etudiant_projet (etudiant_id,projet_id) values (597,747)
1718719297779|1|commit|
1718719297786|1|statement|insert into adresse (code_postal,complement_adresse,ville) values (59000,'qlQp9tKG2R','Lille')
1718719297788|1|statement|insert into ecole (adresse_id,domaine_ecole,nom_ecole) values (150,'Électronique','École D')
1718719297789|1|statement|insert into etudiant (ecole_id,nom,prenom) values (150,'Moore','Liam')
1718719297790|0|statement|insert into projet (nom_projet) values ('Projet A')
1718719297791|1|statement|insert into etudiant (ecole_id,nom,prenom) values (150,'Williams','James')
1718719297793|0|statement|insert into projet (nom_projet) values ('Projet H')
1718719297794|1|statement|insert into etudiant (ecole_id,nom,prenom) values (150,'Brown','Olivia')
1718719297795|0|statement|insert into projet (nom_projet) values ('Projet D')
1718719297797|0|statement|insert into etudiant_projet (etudiant_id,projet_id) values (598,748)
1718719297798|0|statement|insert into etudiant_projet (etudiant_id,projet_id) values (599,749)
1718719297799|0|statement|insert into etudiant_projet (etudiant_id,projet_id) values (600,750)
1718719297801|1|commit|
